2014-05-23 15:46:13,001 [DEBUG] org.springframework.core.CollectionFactory  - Creating [java.util.concurrent.ConcurrentHashMap]
2014-05-23 15:46:13,002 [INFO ] org.springframework.web.context.ContextLoader  - Root WebApplicationContext: initialization started
2014-05-23 15:46:13,014 [INFO ] org.springframework.web.context.support.XmlWebApplicationContext  - Refreshing org.springframework.web.context.support.XmlWebApplicationContext@7cd0570e: display name [Root WebApplicationContext]; startup date [Fri May 23 15:46:13 CST 2014]; root of context hierarchy
2014-05-23 15:46:13,025 [DEBUG] org.springframework.core.CollectionFactory  - Creating [java.util.concurrent.ConcurrentHashMap]
2014-05-23 15:46:13,025 [DEBUG] org.springframework.core.CollectionFactory  - Creating [java.util.concurrent.ConcurrentHashMap]
2014-05-23 15:46:13,025 [DEBUG] org.springframework.core.CollectionFactory  - Creating [java.util.concurrent.ConcurrentHashMap]
2014-05-23 15:46:13,025 [DEBUG] org.springframework.core.CollectionFactory  - Creating [java.util.concurrent.ConcurrentHashMap]
2014-05-23 15:46:13,025 [DEBUG] org.springframework.core.CollectionFactory  - Creating [java.util.concurrent.ConcurrentHashMap]
2014-05-23 15:46:13,025 [DEBUG] org.springframework.core.CollectionFactory  - Creating [java.util.concurrent.ConcurrentHashMap]
2014-05-23 15:46:13,026 [DEBUG] org.springframework.core.CollectionFactory  - Creating [java.util.concurrent.ConcurrentHashMap]
2014-05-23 15:46:13,026 [DEBUG] org.springframework.core.CollectionFactory  - Creating [java.util.concurrent.ConcurrentHashMap]
2014-05-23 15:46:13,036 [INFO ] org.springframework.beans.factory.xml.XmlBeanDefinitionReader  - Loading XML bean definitions from class path resource [config/app-context.xml]
2014-05-23 15:46:13,037 [ERROR] org.springframework.web.context.ContextLoader  - Context initialization failed
org.springframework.beans.factory.BeanDefinitionStoreException: IOException parsing XML document from class path resource [config/app-context.xml]; nested exception is java.io.FileNotFoundException: class path resource [config/app-context.xml] cannot be opened because it does not exist
	at org.springframework.beans.factory.xml.XmlBeanDefinitionReader.loadBeanDefinitions(XmlBeanDefinitionReader.java:349)
	at org.springframework.beans.factory.xml.XmlBeanDefinitionReader.loadBeanDefinitions(XmlBeanDefinitionReader.java:310)
	at org.springframework.beans.factory.support.AbstractBeanDefinitionReader.loadBeanDefinitions(AbstractBeanDefinitionReader.java:143)
	at org.springframework.beans.factory.support.AbstractBeanDefinitionReader.loadBeanDefinitions(AbstractBeanDefinitionReader.java:178)
	at org.springframework.beans.factory.support.AbstractBeanDefinitionReader.loadBeanDefinitions(AbstractBeanDefinitionReader.java:149)
	at org.springframework.web.context.support.XmlWebApplicationContext.loadBeanDefinitions(XmlWebApplicationContext.java:124)
	at org.springframework.web.context.support.XmlWebApplicationContext.loadBeanDefinitions(XmlWebApplicationContext.java:92)
	at org.springframework.context.support.AbstractRefreshableApplicationContext.refreshBeanFactory(AbstractRefreshableApplicationContext.java:123)
	at org.springframework.context.support.AbstractApplicationContext.obtainFreshBeanFactory(AbstractApplicationContext.java:423)
	at org.springframework.context.support.AbstractApplicationContext.refresh(AbstractApplicationContext.java:353)
	at org.springframework.web.context.ContextLoader.createWebApplicationContext(ContextLoader.java:255)
	at org.springframework.web.context.ContextLoader.initWebApplicationContext(ContextLoader.java:199)
	at org.springframework.web.context.ContextLoaderListener.contextInitialized(ContextLoaderListener.java:45)
	at com.brick.base.listener.ContextAndDataAccessorLoaderListener.contextInitialized(ContextAndDataAccessorLoaderListener.java:19)
	at org.eclipse.jetty.server.handler.ContextHandler.startContext(ContextHandler.java:645)
	at org.eclipse.jetty.servlet.ServletContextHandler.startContext(ServletContextHandler.java:200)
	at org.eclipse.jetty.webapp.WebAppContext.startContext(WebAppContext.java:994)
	at org.eclipse.jetty.server.handler.ContextHandler.doStart(ContextHandler.java:588)
	at org.eclipse.jetty.webapp.WebAppContext.doStart(WebAppContext.java:380)
	at org.mortbay.jetty.plugin.JettyWebAppContext.doStart(JettyWebAppContext.java:114)
	at org.eclipse.jetty.util.component.AbstractLifeCycle.start(AbstractLifeCycle.java:55)
	at org.eclipse.jetty.server.handler.HandlerCollection.doStart(HandlerCollection.java:165)
	at org.eclipse.jetty.server.handler.ContextHandlerCollection.doStart(ContextHandlerCollection.java:162)
	at org.eclipse.jetty.util.component.AbstractLifeCycle.start(AbstractLifeCycle.java:55)
	at org.eclipse.jetty.server.handler.HandlerCollection.doStart(HandlerCollection.java:165)
	at org.eclipse.jetty.util.component.AbstractLifeCycle.start(AbstractLifeCycle.java:55)
	at org.eclipse.jetty.server.handler.HandlerWrapper.doStart(HandlerWrapper.java:92)
	at org.eclipse.jetty.server.Server.doStart(Server.java:242)
	at org.mortbay.jetty.plugin.JettyServer.doStart(JettyServer.java:67)
	at org.eclipse.jetty.util.component.AbstractLifeCycle.start(AbstractLifeCycle.java:55)
	at org.mortbay.jetty.plugin.AbstractJettyMojo.startJetty(AbstractJettyMojo.java:437)
	at org.mortbay.jetty.plugin.AbstractJettyMojo.execute(AbstractJettyMojo.java:377)
	at org.mortbay.jetty.plugin.JettyRunMojo.execute(JettyRunMojo.java:577)
	at org.apache.maven.plugin.DefaultBuildPluginManager.executeMojo(DefaultBuildPluginManager.java:107)
	at org.apache.maven.lifecycle.internal.MojoExecutor.execute(MojoExecutor.java:209)
	at org.apache.maven.lifecycle.internal.MojoExecutor.execute(MojoExecutor.java:153)
	at org.apache.maven.lifecycle.internal.MojoExecutor.execute(MojoExecutor.java:145)
	at org.apache.maven.lifecycle.internal.LifecycleModuleBuilder.buildProject(LifecycleModuleBuilder.java:84)
	at org.apache.maven.lifecycle.internal.LifecycleModuleBuilder.buildProject(LifecycleModuleBuilder.java:59)
	at org.apache.maven.lifecycle.internal.LifecycleStarter.singleThreadedBuild(LifecycleStarter.java:183)
	at org.apache.maven.lifecycle.internal.LifecycleStarter.execute(LifecycleStarter.java:161)
	at org.apache.maven.DefaultMaven.doExecute(DefaultMaven.java:319)
	at org.apache.maven.DefaultMaven.execute(DefaultMaven.java:156)
	at org.apache.maven.cli.MavenCli.execute(MavenCli.java:534)
	at org.apache.maven.cli.MavenCli.doMain(MavenCli.java:196)
	at org.apache.maven.cli.MavenCli.main(MavenCli.java:141)
	at sun.reflect.NativeMethodAccessorImpl.invoke0(Native Method)
	at sun.reflect.NativeMethodAccessorImpl.invoke(NativeMethodAccessorImpl.java:39)
	at sun.reflect.DelegatingMethodAccessorImpl.invoke(DelegatingMethodAccessorImpl.java:25)
	at java.lang.reflect.Method.invoke(Method.java:597)
	at org.codehaus.plexus.classworlds.launcher.Launcher.launchEnhanced(Launcher.java:290)
	at org.codehaus.plexus.classworlds.launcher.Launcher.launch(Launcher.java:230)
	at org.codehaus.plexus.classworlds.launcher.Launcher.mainWithExitCode(Launcher.java:409)
	at org.codehaus.plexus.classworlds.launcher.Launcher.main(Launcher.java:352)
Caused by: java.io.FileNotFoundException: class path resource [config/app-context.xml] cannot be opened because it does not exist
	at org.springframework.core.io.ClassPathResource.getInputStream(ClassPathResource.java:142)
	at org.springframework.beans.factory.xml.XmlBeanDefinitionReader.loadBeanDefinitions(XmlBeanDefinitionReader.java:336)
	... 53 more
